<?xml version="1.0" encoding="UTF-8"?>
<testsuites name="TS-VerifyLogin" time="26" tests="0" failures="0" errors="1">
   <testsuite name="TS-VerifyLogin" tests="0" failures="0" errors="1" time="26" timestamp="2018-01-09 16:51:34" hostname="ishmael - sheban" id="Test Suites/TS-Login/TS-VerifyLogin">
      <properties>
         <property name="deviceName" value=""/>
         <property name="devicePlatform" value=""/>
         <property name="logFolder" value="C:\\Users\\ishmael\\Desktop\\GESHome\\Reports\\TS-Login\\TS-VerifyLogin\\20180109_165128"/>
         <property name="logFiles" value="C:\\Users\\ishmael\\Desktop\\GESHome\\Reports\\TS-Login\\TS-VerifyLogin\\20180109_165128\\execution0.log"/>
         <property name="attachments" value=""/>
         <property name="hostName" value="ishmael - sheban"/>
         <property name="os" value="Windows 8.1 64bit"/>
         <property name="katalonVersion" value="5.2.0.1"/>
         <property name="browser" value="Chrome 63.0.3239.132"/>
         <property name="hostAddress" value="10.0.2.15"/>
         <property name="sessionId" value="b5622c0fcead45449907a08bb9ee76e2"/>
         <property name="seleniumVersion" value="3.7.1"/>
         <property name="proxyInformation" value="ProxyInformation{proxyOption=NO_PROXY, proxyServerType=HTTP, password=, proxyServerAddress=, proxyServerPort=0}"/>
         <property name="platform" value="Windows 8.1"/>
      </properties>
      <testcase name="Test Cases/Header menu/Login/VT-Login/VT-VerifyLogin" classname="Test Cases/Header menu/Login/VT-Login/VT-VerifyLogin" status="ERROR">
         <error type="ERROR" message="Test Cases/Header menu/Login/VT-Login/VT-VerifyLogin FAILED because (of) groovy.lang.MissingMethodException: No signature of method: static com.kms.katalon.core.webui.keyword.WebUiBuiltInKeywords.navigateToUrl() is applicable for argument types: (java.lang.Class) values: [class java.net.URL]
Possible solutions: navigateToUrl(java.lang.String), navigateToUrl(java.lang.String, com.kms.katalon.core.model.FailureHandling)"/>
         <system-out><![CDATA[2018-01-09 16:51:37 - [TEST_CASE][ERROR] - Test Cases/Header menu/Login/VT-Login/VT-VerifyLogin: Test Cases/Header menu/Login/VT-Login/VT-VerifyLogin FAILED because (of) groovy.lang.MissingMethodException: No signature of method: static com.kms.katalon.core.webui.keyword.WebUiBuiltInKeywords.navigateToUrl() is applicable for argument types: (java.lang.Class) values: [class java.net.URL]
Possible solutions: navigateToUrl(java.lang.String), navigateToUrl(java.lang.String, com.kms.katalon.core.model.FailureHandling)

2018-01-09 16:51:45 - [TEST_STEP][PASSED] - openBrowser: Browser is opened with url: ''

2018-01-09 16:51:56 - [MESSAGE][PASSED] - Browser is opened with url: ''

2018-01-09 16:51:56 - [TEST_STEP][PASSED] - delay: Delayed 2 second(s)

2018-01-09 16:51:58 - [MESSAGE][PASSED] - Delayed 2 second(s)

2018-01-09 16:51:58 - [TEST_STEP][PASSED] - maximizeWindow: Current window maximized

2018-01-09 16:51:59 - [MESSAGE][PASSED] - Current window maximized

2018-01-09 16:51:59 - [TEST_STEP][PASSED] - navigateToUrl: null]]></system-out>
         <system-err><![CDATA[2018-01-09 16:51:37 - [TEST_CASE][ERROR] - Test Cases/Header menu/Login/VT-Login/VT-VerifyLogin: Test Cases/Header menu/Login/VT-Login/VT-VerifyLogin FAILED because (of) groovy.lang.MissingMethodException: No signature of method: static com.kms.katalon.core.webui.keyword.WebUiBuiltInKeywords.navigateToUrl() is applicable for argument types: (java.lang.Class) values: [class java.net.URL]
Possible solutions: navigateToUrl(java.lang.String), navigateToUrl(java.lang.String, com.kms.katalon.core.model.FailureHandling)]]></system-err>
      </testcase>
      <system-out><![CDATA[2018-01-09 16:51:34 - [TEST_SUITE][ERROR] - TS-VerifyLogin: Test Cases/Header menu/Login/VT-Login/VT-VerifyLogin FAILED because (of) groovy.lang.MissingMethodException: No signature of method: static com.kms.katalon.core.webui.keyword.WebUiBuiltInKeywords.navigateToUrl() is applicable for argument types: (java.lang.Class) values: [class java.net.URL]
Possible solutions: navigateToUrl(java.lang.String), navigateToUrl(java.lang.String, com.kms.katalon.core.model.FailureHandling)]]></system-out>
      <system-err><![CDATA[2018-01-09 16:51:34 - [TEST_SUITE][ERROR] - TS-VerifyLogin: Test Cases/Header menu/Login/VT-Login/VT-VerifyLogin FAILED because (of) groovy.lang.MissingMethodException: No signature of method: static com.kms.katalon.core.webui.keyword.WebUiBuiltInKeywords.navigateToUrl() is applicable for argument types: (java.lang.Class) values: [class java.net.URL]
Possible solutions: navigateToUrl(java.lang.String), navigateToUrl(java.lang.String, com.kms.katalon.core.model.FailureHandling)]]></system-err>
   </testsuite>
</testsuites>
