<?xml version="1.0" encoding="UTF-8"?>
<testsuites name="TS-LogIn" time="60" tests="1" failures="0" errors="0">
   <testsuite name="TS-LogIn" tests="1" failures="0" errors="0" time="60" timestamp="2018-01-08 23:41:40" hostname="ishmael - sheban" id="Test Suites/TS-Login/TS-LogIn">
      <properties>
         <property name="deviceName" value=""/>
         <property name="devicePlatform" value=""/>
         <property name="logFolder" value="C:\\Users\\ishmael\\Desktop\\GESHome\\Reports\\TS-Login\\TS-LogIn\\20180108_234126"/>
         <property name="logFiles" value="C:\\Users\\ishmael\\Desktop\\GESHome\\Reports\\TS-Login\\TS-LogIn\\20180108_234126\\execution0.log"/>
         <property name="attachments" value="C:\\Users\\ishmael\\Desktop\\GESHome\\Reports\\TS-Login\\TS-LogIn\\20180108_234126\\1515444153676.png"/>
         <property name="hostName" value="ishmael - sheban"/>
         <property name="os" value="Windows 8.1 64bit"/>
         <property name="katalonVersion" value="5.2.0.1"/>
         <property name="browser" value="Chrome 63.0.3239.84"/>
         <property name="hostAddress" value="10.0.2.15"/>
         <property name="sessionId" value="2a567d42443c926e84ef515e5d008260"/>
         <property name="seleniumVersion" value="3.7.1"/>
         <property name="proxyInformation" value="ProxyInformation{proxyOption=NO_PROXY, proxyServerType=HTTP, password=, proxyServerAddress=, proxyServerPort=0}"/>
         <property name="platform" value="Windows 8.1"/>
      </properties>
      <testcase name="Test Cases/Header menu/Login/TS-Login/TC-Login" classname="Test Cases/Header menu/Login/TS-Login/TC-Login" status="PASSED">
         <system-out><![CDATA[2018-01-08 23:41:43 - [TEST_CASE][PASSED] - Test Cases/Header menu/Login/TS-Login/TC-Login: Test Cases/Header menu/Login/TS-Login/TC-Login

2018-01-08 23:41:47 - [TEST_STEP][PASSED] - openBrowser: Browser is opened with url: ''

2018-01-08 23:42:01 - [MESSAGE][PASSED] - Browser is opened with url: ''

2018-01-08 23:42:01 - [TEST_STEP][PASSED] - delay: Delayed 2 second(s)

2018-01-08 23:42:04 - [MESSAGE][PASSED] - Delayed 2 second(s)

2018-01-08 23:42:04 - [TEST_STEP][PASSED] - maximizeWindow: Current window maximized

2018-01-08 23:42:05 - [MESSAGE][PASSED] - Current window maximized

2018-01-08 23:42:05 - [TEST_STEP][PASSED] - navigateToUrl: Navigate to 'http://dcpenterprisesystem-qa.com/' successfully

2018-01-08 23:42:26 - [MESSAGE][PASSED] - Navigate to 'http://dcpenterprisesystem-qa.com/' successfully

2018-01-08 23:42:26 - [TEST_STEP][PASSED] - delay: Delayed 2 second(s)

2018-01-08 23:42:28 - [MESSAGE][PASSED] - Delayed 2 second(s)

2018-01-08 23:42:29 - [TEST_STEP][PASSED] - setText: Text 'sheban.oduor@tecnekes.com' is set on object 'Object Repository/OR-Login/TO-Username'

2018-01-08 23:42:29 - [MESSAGE][PASSED] - Text 'sheban.oduor@tecnekes.com' is set on object 'Object Repository/OR-Login/TO-Username'

2018-01-08 23:42:29 - [TEST_STEP][PASSED] - delay: Delayed 1 second(s)

2018-01-08 23:42:30 - [MESSAGE][PASSED] - Delayed 1 second(s)

2018-01-08 23:42:30 - [TEST_STEP][PASSED] - setText: Text 'Test925' is set on object 'Object Repository/OR-Login/TO-Password'

2018-01-08 23:42:31 - [MESSAGE][PASSED] - Text 'Test925' is set on object 'Object Repository/OR-Login/TO-Password'

2018-01-08 23:42:31 - [TEST_STEP][PASSED] - delay: Delayed 2 second(s)

2018-01-08 23:42:33 - [MESSAGE][PASSED] - Delayed 2 second(s)

2018-01-08 23:42:33 - [TEST_STEP][PASSED] - takeScreenshot: Taking screenshot successfully

2018-01-08 23:42:34 - [MESSAGE][PASSED] - Taking screenshot successfully
[[ATTACHMENT|C:\\Users\\ishmael\\Desktop\\GESHome\\Reports\\TS-Login\\TS-LogIn\\20180108_234126\\1515444153676.png]]

2018-01-08 23:42:34 - [TEST_STEP][PASSED] - click: Object: 'Object Repository/OR-Login/TO-LoginButton' is clicked on

2018-01-08 23:42:38 - [MESSAGE][PASSED] - Object: 'Object Repository/OR-Login/TO-LoginButton' is clicked on

2018-01-08 23:42:38 - [TEST_STEP][PASSED] - delay: Delayed 1 second(s)

2018-01-08 23:42:39 - [MESSAGE][PASSED] - Delayed 1 second(s)]]></system-out>
         <system-err><![CDATA[]]></system-err>
      </testcase>
      <system-out><![CDATA[2018-01-08 23:41:40 - [TEST_SUITE][PASSED] - TS-LogIn: Test Cases/Header menu/Login/TS-Login/TC-Login]]></system-out>
      <system-err><![CDATA[]]></system-err>
   </testsuite>
</testsuites>
